[15:31:04] [Server thread/INFO]: Starting minecraft server version 1.9
[15:31:04] [Server thread/INFO]: Loading properties
[15:31:04] [Server thread/INFO]: Default game type: SURVIVAL
[15:31:04] [Server thread/INFO]: Generating keypair
[15:31:04] [Server thread/INFO]: Starting Minecraft server on *:25565
[15:31:04] [Server thread/INFO]: Using default channel type
[15:31:05] [Server thread/INFO]: Preparing level "world"
[15:31:05] [Server thread/INFO]: Preparing start region for level 0
[15:31:06] [Server thread/INFO]: Preparing spawn area: 12%
[15:31:07] [Server thread/INFO]: Preparing spawn area: 85%
[15:31:07] [Server thread/INFO]: Done (2.489s)! For help, type "help" or "?"
[15:33:18] [User Authenticator #1/INFO]: UUID of player kazuman519 is c93335a6-557c-45b6-8179-93008d9bb78e
[15:33:18] [Server thread/INFO]: kazuman519[/192.168.1.2:62597] logged in with entity id 197 at (-199.27583146656877, 66.0, -654.4014137982308)
[15:33:18] [Server thread/INFO]: kazuman519 joined the game
[15:33:23] [Server thread/INFO]: <kazuman519> afaeafaa
[15:33:25] [Server thread/INFO]: <kazuman519> aaaaa
[15:33:28] [Server thread/INFO]: <kazuman519> aaefawfa
[15:33:39] [Server thread/INFO]: kazuman519 lost connection: TextComponent{text='Disconnected', siblings=[], style=Style{hasParent=false, color=null, bold=null, italic=null, underlined=null, obfuscated=null, clickEvent=null, hoverEvent=null, insertion=null}}
[15:33:39] [Server thread/INFO]: kazuman519 left the game
[15:36:59] [Server Shutdown Thread/INFO]: Stopping server
