[19:36:11] [Server thread/INFO]: Starting minecraft server version 1.7.10
[19:36:11] [Server thread/INFO]: Loading properties
[19:36:11] [Server thread/INFO]: Default game type: SURVIVAL
[19:36:11] [Server thread/INFO]: Generating keypair
[19:36:11] [Server thread/INFO]: Starting Minecraft server on *:25565
[19:36:11] [Server thread/INFO]: Preparing level "world"
[19:36:11] [Server thread/INFO]: Preparing start region for level 0
[19:36:12] [Server thread/INFO]: Done (0.704s)! For help, type "help" or "?"
[19:36:22] [Server thread/INFO]: --- Showing help page 1 of 7 (/help <page>) ---
[19:36:22] [Server thread/INFO]: /achievement give <stat_name> [player]
[19:36:22] [Server thread/INFO]: /ban <name> [reason ...]
[19:36:22] [Server thread/INFO]: /ban-ip <address|name> [reason ...]
[19:36:22] [Server thread/INFO]: /banlist [ips|players]
[19:36:22] [Server thread/INFO]: /clear <player> [item] [data]
[19:36:22] [Server thread/INFO]: /debug <start|stop>
[19:36:22] [Server thread/INFO]: /defaultgamemode <mode>
[19:36:25] [Server thread/INFO]: Stopping the server
[19:36:25] [Server thread/INFO]: Stopping server
[19:36:25] [Server thread/INFO]: Saving players
[19:36:25] [Server thread/INFO]: Saving worlds
[19:36:25] [Server thread/INFO]: Saving chunks for level 'world'/Overworld
[19:36:25] [Server thread/INFO]: Saving chunks for level 'world'/Nether
[19:36:25] [Server thread/INFO]: Saving chunks for level 'world'/The End
[19:36:26] [Server Shutdown Thread/INFO]: Stopping server
[19:36:26] [Server Shutdown Thread/INFO]: Saving players
