[15:37:05] [Server thread/INFO]: Starting minecraft server version 1.9.2
[15:37:05] [Server thread/INFO]: Loading properties
[15:37:05] [Server thread/INFO]: Default game type: SURVIVAL
[15:37:05] [Server thread/INFO]: Generating keypair
[15:37:05] [Server thread/INFO]: Starting Minecraft server on *:25565
[15:37:05] [Server thread/INFO]: Using default channel type
[15:37:05] [Server thread/INFO]: Preparing level "world"
[15:37:05] [Server thread/INFO]: Preparing start region for level 0
[15:37:06] [Server thread/INFO]: Preparing spawn area: 32%
[15:37:07] [Server thread/INFO]: Done (2.051s)! For help, type "help" or "?"
[15:38:27] [User Authenticator #1/INFO]: UUID of player kazuman519 is c93335a6-557c-45b6-8179-93008d9bb78e
[15:38:27] [Server thread/INFO]: kazuman519[/192.168.1.2:62738] logged in with entity id 208 at (-40.30000001192093, 62.0, 214.69999998807907)
[15:38:27] [Server thread/INFO]: kazuman519 joined the game
[15:39:34] [Server thread/INFO]: kazuman519 lost connection: TextComponent{text='Disconnected', siblings=[], style=Style{hasParent=false, color=null, bold=null, italic=null, underlined=null, obfuscated=null, clickEvent=null, hoverEvent=null, insertion=null}}
[15:39:34] [Server thread/INFO]: kazuman519 left the game
[15:39:37] [User Authenticator #2/INFO]: UUID of player kazuman519 is c93335a6-557c-45b6-8179-93008d9bb78e
[15:39:37] [Server thread/INFO]: kazuman519[/192.168.1.2:62746] logged in with entity id 1165 at (-42.78273663142763, 64.0, 211.527978132705)
[15:39:37] [Server thread/INFO]: kazuman519 joined the game
[15:40:33] [Server thread/INFO]: <kazuman519> aaa
[15:40:42] [User Authenticator #3/INFO]: UUID of player johnnyleyden is d532e253-57e1-46eb-9d86-809b899e0127
[15:40:43] [Server thread/INFO]: johnnyleyden[/58.191.201.118:54168] logged in with entity id 2184 at (9.5, 77.0, 225.5)
[15:40:43] [Server thread/INFO]: johnnyleyden joined the game
[15:43:14] [Server thread/INFO]: kazuman519 has just earned the achievement [Getting Wood]
[15:43:49] [Server thread/INFO]: kazuman519 was slain by Zombie
[15:48:12] [Server thread/INFO]: kazuman519 has just earned the achievement [Benchmarking]
[15:48:19] [Server thread/INFO]: johnnyleyden has just earned the achievement [Taking Inventory]
[15:50:56] [Server thread/INFO]: kazuman519 has just earned the achievement [Time to Mine!]
[15:51:26] [Server thread/INFO]: johnnyleyden has just earned the achievement [Getting Wood]
[15:52:41] [Server thread/INFO]: kazuman519 has just earned the achievement [Time to Strike!]
[16:04:51] [Server thread/INFO]: kazuman519 was slain by Zombie
[16:05:40] [Server thread/INFO]: johnnyleyden was shot by Skeleton
[16:05:52] [Server thread/INFO]: kazuman519 was slain by Zombie
[16:10:12] [Server thread/INFO]: johnnyleyden was slain by Zombie
[16:12:46] [Server thread/INFO]: johnnyleyden has just earned the achievement [Benchmarking]
[16:13:14] [Server thread/INFO]: johnnyleyden has just earned the achievement [Time to Mine!]
[16:14:38] [Server thread/INFO]: johnnyleyden has just earned the achievement [Getting an Upgrade]
[16:18:05] [Server thread/INFO]: johnnyleyden has just earned the achievement [Time to Farm!]
[16:20:11] [Server thread/INFO]: kazuman519 lost connection: TextComponent{text='Disconnected', siblings=[], style=Style{hasParent=false, color=null, bold=null, italic=null, underlined=null, obfuscated=null, clickEvent=null, hoverEvent=null, insertion=null}}
[16:20:11] [Server thread/INFO]: kazuman519 left the game
[16:20:36] [User Authenticator #4/INFO]: UUID of player Copy0570 is d6fbd9f4-aa90-4624-a4c9-391a3c84a326
[16:20:36] [Server thread/INFO]: Copy0570[/116.193.248.131:51638] logged in with entity id 35837 at (13.5, 68.0, 222.5)
[16:20:36] [Server thread/INFO]: Copy0570 joined the game
[16:20:48] [Server thread/INFO]: Copy0570 has just earned the achievement [Taking Inventory]
[16:23:43] [Server thread/INFO]: <Copy0570> aaaa
[16:23:54] [Server thread/INFO]: <Copy0570> へい
[16:25:38] [Server thread/INFO]: <Copy0570> ああああ
[16:25:44] [Server thread/INFO]: <Copy0570> aaa
[16:25:46] [Server thread/INFO]: <Copy0570> uooo
[16:27:10] [Server thread/INFO]: Copy0570 has just earned the achievement [Getting Wood]
[16:28:24] [Server thread/INFO]: johnnyleyden was blown up by Creeper
[16:28:30] [Server thread/INFO]: Copy0570 fell from a high place
[16:30:10] [Server thread/INFO]: <Copy0570> hei
[16:30:45] [Server thread/INFO]: johnnyleyden was shot by Skeleton
[16:33:20] [Server thread/INFO]: <Copy0570> t
[16:34:01] [Server thread/INFO]: Unknown command. Try /help for a list of commands
[16:34:41] [Server thread/INFO]: johnnyleyden was shot by Skeleton
[16:35:08] [Server thread/INFO]: Copy0570 lost connection: TranslatableComponent{key='disconnect.genericReason', args=[Internal Exception: java.io.IOException: Operation timed out], siblings=[], style=Style{hasParent=false, color=null, bold=null, italic=null, underlined=null, obfuscated=null, clickEvent=null, hoverEvent=null, insertion=null}}
[16:35:08] [Server thread/INFO]: Copy0570 left the game
[16:35:28] [User Authenticator #5/INFO]: UUID of player Copy0570 is d6fbd9f4-aa90-4624-a4c9-391a3c84a326
[16:35:28] [Server thread/INFO]: Copy0570[/116.193.248.131:63002] logged in with entity id 49482 at (10.066215812812743, 72.0, 184.19291636771723)
[16:35:28] [Server thread/INFO]: Copy0570 joined the game
[16:35:37] [Server thread/INFO]: johnnyleyden was shot by Skeleton
[16:36:47] [Server thread/INFO]: Stopping server
[16:36:47] [Server thread/INFO]: Saving players
[16:36:47] [Server thread/INFO]: Copy0570 lost connection: TextComponent{text='Disconnected', siblings=[], style=Style{hasParent=false, color=null, bold=null, italic=null, underlined=null, obfuscated=null, clickEvent=null, hoverEvent=null, insertion=null}}
[16:36:47] [Server thread/INFO]: Copy0570 left the game
[16:36:47] [Server thread/INFO]: Saving worlds
[16:36:47] [Server thread/INFO]: Saving chunks for level 'world'/Overworld
[16:36:47] [Server Shutdown Thread/INFO]: Stopping server
