[00:06:56] [Server thread/INFO]: Copy0570 drowned
[00:08:33] [Server thread/INFO]: Copy0570 was slain by Iron Golem
[00:15:56] [Server thread/INFO]: Copy0570 was slain by Iron Golem
[00:18:10] [Server thread/INFO]: Copy0570 lost connection: TextComponent{text='Disconnected', siblings=[], style=Style{hasParent=false, color=null, bold=null, italic=null, underlined=null, obfuscated=null, clickEvent=null, hoverEvent=null}}
[00:18:10] [Server thread/INFO]: Copy0570 left the game
[00:27:02] [Server thread/INFO]: kazuman519 fell from a high place
[00:41:35] [Server thread/INFO]: johnnyleyden has just earned the achievement [Time to Mine!]
[00:41:35] [Server thread/INFO]: johnnyleyden has just earned the achievement [Getting an Upgrade]
[01:03:16] [Server thread/INFO]: johnnyleyden was slain by Spider
[01:46:08] [Server thread/INFO]: kazuman519 was slain by Iron Golem
[01:46:30] [Server thread/INFO]: kazuman519 was slain by Iron Golem
[01:48:13] [Server thread/INFO]: kazuman519 was slain by Iron Golem
[01:52:13] [Server thread/INFO]: johnnyleyden lost connection: TextComponent{text='Disconnected', siblings=[], style=Style{hasParent=false, color=null, bold=null, italic=null, underlined=null, obfuscated=null, clickEvent=null, hoverEvent=null}}
[01:52:13] [Server thread/INFO]: johnnyleyden left the game
[01:52:29] [Server thread/INFO]: kazuman519 lost connection: TextComponent{text='Disconnected', siblings=[], style=Style{hasParent=false, color=null, bold=null, italic=null, underlined=null, obfuscated=null, clickEvent=null, hoverEvent=null}}
[01:52:29] [Server thread/INFO]: kazuman519 left the game
[02:47:38] [Server thread/WARN]: Can't keep up! Did the system time change, or is the server overloaded? Running 2635580ms behind, skipping 52711 tick(s)
[04:35:50] [Server thread/WARN]: Can't keep up! Did the system time change, or is the server overloaded? Running 6368597ms behind, skipping 127371 tick(s)
[06:23:56] [Server thread/WARN]: Can't keep up! Did the system time change, or is the server overloaded? Running 6421504ms behind, skipping 128430 tick(s)
[08:12:03] [Server thread/WARN]: Can't keep up! Did the system time change, or is the server overloaded? Running 6421543ms behind, skipping 128430 tick(s)
[08:39:34] [Server thread/WARN]: Can't keep up! Did the system time change, or is the server overloaded? Running 1585656ms behind, skipping 31713 tick(s)
[12:07:29] [Server thread/WARN]: Can't keep up! Did the system time change, or is the server overloaded? Running 10800995ms behind, skipping 216019 tick(s)
[12:09:49] [Server thread/WARN]: Can't keep up! Did the system time change, or is the server overloaded? Running 134261ms behind, skipping 2685 tick(s)
[12:09:50] [Server thread/WARN]: Can't keep up! Did the system time change, or is the server overloaded? Running 2957ms behind, skipping 59 tick(s)
[12:10:53] [Server thread/INFO]: Stopping the server
[12:10:53] [Server thread/INFO]: Stopping server
[12:10:53] [Server thread/INFO]: Saving players
[12:10:53] [Server thread/INFO]: Saving worlds
[12:10:53] [Server thread/INFO]: Saving chunks for level 'world'/Overworld
[12:10:53] [Server thread/INFO]: Saving chunks for level 'world'/Nether
[12:10:53] [Server thread/INFO]: Saving chunks for level 'world'/The End
